<?xml version="1.0" encoding="UTF-8"?>
<!-- Generated by org.testng.reporters.JUnitXMLReporter -->
<testsuite hostname="Sanjay-PC" name="Test" tests="2" failures="0" timestamp="30 Sep 2015 09:51:36 GMT" time="81.212" errors="0">
  <testcase name="CreateCustomerTest" time="18.964" classname="com.actitime.projectandcustomersTest.ProjectAndCustomerTest"/>
  <testcase name="ProductSelection" time="40.194" classname="com.actitime.projectandcustomersTest.ProjectAndCustomerTest"/>
</testsuite> <!-- Test -->
